<?xml version="1.0" encoding="UTF-8"?>
<!-- Generated by org.testng.reporters.JUnitReportReporter -->
<testsuite hostname="DESKTOP-NABQ64O" failures="0" tests="1" name="testngDemo.day1" time="0.003" errors="0" timestamp="28 Sep 2019 16:48:46 GMT" skipped="0">
  <testcase classname="testngDemo.day1" name="demo" time="0.003"/>
</testsuite> <!-- testngDemo.day1 -->
