<?xml version="1.0" encoding="UTF-8"?>
<!-- Generated by org.testng.reporters.JUnitReportReporter -->
<testsuite hostname="DESKTOP-NABQ64O" failures="0" tests="1" name="testobject.allTest" time="4.441" errors="0" timestamp="2019-10-05T16:28:33 IST" skipped="0">
  <testcase classname="testobject.allTest" name="logintest" time="4.441"/>
</testsuite> <!-- testobject.allTest -->
